#
# There is insufficient memory for the Java Runtime Environment to continue.
# Native memory allocation (malloc) failed to allocate 58528 bytes for Chunk::new
# Possible reasons:
#   The system is out of physical RAM or swap space
#   The process is running with CompressedOops enabled, and the Java Heap may be blocking the growth of the native heap
# Possible solutions:
#   Reduce memory load on the system
#   Increase physical memory or swap space
#   Check if swap backing store is full
#   Decrease Java heap size (-Xmx/-Xms)
#   Decrease number of Java threads
#   Decrease Java thread stack sizes (-Xss)
#   Set larger code cache with -XX:ReservedCodeCacheSize=
#   JVM is running with Unscaled Compressed Oops mode in which the Java heap is
#     placed in the first 4GB address space. The Java Heap base address is the
#     maximum limit for the native heap growth. Please use -XX:HeapBaseMinAddress
#     to set the Java Heap base and to place the Java Heap above 4GB virtual address.
# This output file may be truncated or incomplete.
#
#  Out of Memory Error (allocation.cpp:389), pid=2072, tid=0x00000000000009b0
#
# JRE version: OpenJDK Runtime Environment (8.0_292-b10) (build 1.8.0_292-b10)
# Java VM: OpenJDK 64-Bit Server VM (25.292-b10 mixed mode windows-amd64 compressed oops)
# Failed to write core dump. Minidumps are not enabled by default on client versions of Windows
#

---------------  T H R E A D  ---------------

Current thread (0x000001947e1bf800):  JavaThread "C2 CompilerThread1" daemon [_thread_in_native, id=2480, stack(0x0000007000b00000,0x0000007000c00000)]

Stack: [0x0000007000b00000,0x0000007000c00000]
[error occurred during error reporting (printing stack bounds), id 0xc0000005]

Native frames: (J=compiled Java code, j=interpreted, Vv=VM code, C=native code)


Current CompileTask:
C2: 180032 1430       4       org.gradle.internal.logging.console.DefaultRedrawableLabel::redraw (166 bytes)


---------------  P R O C E S S  ---------------

Java Threads: ( => current thread )
  0x0000019404818000 JavaThread "Forward input" [_thread_blocked, id=15820, stack(0x0000007001300000,0x0000007001400000)]
  0x0000019404817000 JavaThread "DisconnectableInputStream source reader" daemon [_thread_in_native, id=15508, stack(0x0000007001200000,0x0000007001300000)]
  0x00000194047c9800 JavaThread "pool-1-thread-1" [_thread_blocked, id=4908, stack(0x0000007001000000,0x0000007001100000)]
  0x000001947f9a8000 JavaThread "Service Thread" daemon [_thread_blocked, id=10368, stack(0x0000007000e00000,0x0000007000f00000)]
  0x000001947e1cc000 JavaThread "C1 CompilerThread3" daemon [_thread_blocked, id=15372, stack(0x0000007000d00000,0x0000007000e00000)]
  0x000001947e1cb000 JavaThread "C2 CompilerThread2" daemon [_thread_blocked, id=9044, stack(0x0000007000c00000,0x0000007000d00000)]
=>0x000001947e1bf800 JavaThread "C2 CompilerThread1" daemon [_thread_in_native, id=2480, stack(0x0000007000b00000,0x0000007000c00000)]
  0x000001947e1c5800 JavaThread "C2 CompilerThread0" daemon [_thread_blocked, id=15176, stack(0x0000007000a00000,0x0000007000b00000)]
  0x000001947e1a0000 JavaThread "Attach Listener" daemon [_thread_blocked, id=1008, stack(0x0000007000900000,0x0000007000a00000)]
  0x000001947e19f000 JavaThread "Signal Dispatcher" daemon [_thread_blocked, id=8284, stack(0x0000007000800000,0x0000007000900000)]
  0x000001947d32b800 JavaThread "Finalizer" daemon [_thread_blocked, id=4392, stack(0x0000007000700000,0x0000007000800000)]
  0x000001947e17b800 JavaThread "Reference Handler" daemon [_thread_blocked, id=17680, stack(0x0000007000600000,0x0000007000700000)]
  0x000001946b0c3000 JavaThread "main" [_thread_in_native, id=3060, stack(0x000000707fa00000,0x000000707fb00000)]

Other Threads:
  0x000001947e156000 VMThread [stack: 0x0000007000500000,0x0000007000600000] [id=3252]
  0x000001947f9a9000 WatcherThread [stack: 0x0000007000f00000,0x0000007001000000] [id=4272]

VM state:not at safepoint (normal execution)

VM Mutex/Monitor currently owned by a thread: None

heap address: 0x0000000083000000, size: 2000 MB, Compressed Oops mode: 32-bit
Narrow klass base: 0x0000000000000000, Narrow klass shift: 3
Compressed class space size: 1073741824 Address: 0x0000000100000000

Heap:
 PSYoungGen      total 37888K, used 32323K [0x00000000d6580000, 0x00000000d8f80000, 0x0000000100000000)
  eden space 32768K, 83% used [0x00000000d6580000,0x00000000d8012158,0x00000000d8580000)
  from space 5120K, 99% used [0x00000000d8580000,0x00000000d8a7ead0,0x00000000d8a80000)
  to   space 5120K, 0% used [0x00000000d8a80000,0x00000000d8a80000,0x00000000d8f80000)
 ParOldGen       total 86016K, used 108K [0x0000000083000000, 0x0000000088400000, 0x00000000d6580000)
  object space 86016K, 0% used [0x0000000083000000,0x000000008301b1b8,0x0000000088400000)
 Metaspace       used 11721K, capacity 12002K, committed 12160K, reserved 1060864K
  class space    used 1532K, capacity 1661K, committed 1664K, reserved 1048576K

Card table byte_map: [0x000001947bfb0000,0x000001947c3a0000] byte_map_base: 0x000001947bb98000

Marking Bits: (ParMarkBitMap*) 0x00000000746cc820
 Begin Bits: [0x0000019400000000, 0x0000019401f40000)
 End Bits:   [0x0000019401f40000, 0x0000019403e80000)

Polling page: 0x000001946b080000

CodeCache: size=245760Kb used=4645Kb max_used=4656Kb free=241114Kb
 bounds [0x000001946cbf0000, 0x000001946d090000, 0x000001947bbf0000]
 total_blobs=1786 nmethods=1422 adapters=276
 compilation: enabled

Compilation events (10 events):
Event: 165.327 Thread 0x000001947e1cc000 nmethod 1425 0x000001946d06c290 code [0x000001946d06c560, 0x000001946d06d7b0]
Event: 174.422 Thread 0x000001947e1c5800 1426       4       org.gradle.util.GUtil::isTrue (56 bytes)
Event: 174.423 Thread 0x000001947e1c5800 nmethod 1426 0x000001946d05f690 code [0x000001946d05f7e0, 0x000001946d05f8b8]
Event: 175.319 Thread 0x000001947e1cc000 1427       3       org.gradle.internal.logging.sink.GroupingProgressLogEventGenerator$OperationGroup::shouldPrintHeader (37 bytes)
Event: 175.320 Thread 0x000001947e1cc000 nmethod 1427 0x000001946d0435d0 code [0x000001946d043760, 0x000001946d043b70]
Event: 175.320 Thread 0x000001947e1cc000 1428       3       org.gradle.internal.logging.sink.GroupingProgressLogEventGenerator$OperationGroup::statusHasChanged (20 bytes)
Event: 175.320 Thread 0x000001947e1cc000 nmethod 1428 0x000001946d05db10 code [0x000001946d05dc80, 0x000001946d05def0]
Event: 177.224 Thread 0x000001947e1cb000 1429       4       java.util.concurrent.locks.ReentrantLock$Sync::tryRelease (45 bytes)
Event: 177.224 Thread 0x000001947e1cb000 nmethod 1429 0x000001946d05f990 code [0x000001946d05fac0, 0x000001946d05fb78]
Event: 180.018 Thread 0x000001947e1bf800 1430       4       org.gradle.internal.logging.console.DefaultRedrawableLabel::redraw (166 bytes)

GC Heap History (2 events):
Event: 0.835 GC heap before
{Heap before GC invocations=1 (full 0):
 PSYoungGen      total 37888K, used 32768K [0x00000000d6580000, 0x00000000d8f80000, 0x0000000100000000)
  eden space 32768K, 100% used [0x00000000d6580000,0x00000000d8580000,0x00000000d8580000)
  from space 5120K, 0% used [0x00000000d8a80000,0x00000000d8a80000,0x00000000d8f80000)
  to   space 5120K, 0% used [0x00000000d8580000,0x00000000d8580000,0x00000000d8a80000)
 ParOldGen       total 86016K, used 0K [0x0000000083000000, 0x0000000088400000, 0x00000000d6580000)
  object space 86016K, 0% used [0x0000000083000000,0x0000000083000000,0x0000000088400000)
 Metaspace       used 9147K, capacity 9374K, committed 9600K, reserved 1056768K
  class space    used 1249K, capacity 1357K, committed 1408K, reserved 1048576K
Event: 0.839 GC heap after
Heap after GC invocations=1 (full 0):
 PSYoungGen      total 37888K, used 5114K [0x00000000d6580000, 0x00000000d8f80000, 0x0000000100000000)
  eden space 32768K, 0% used [0x00000000d6580000,0x00000000d6580000,0x00000000d8580000)
  from space 5120K, 99% used [0x00000000d8580000,0x00000000d8a7ead0,0x00000000d8a80000)
  to   space 5120K, 0% used [0x00000000d8a80000,0x00000000d8a80000,0x00000000d8f80000)
 ParOldGen       total 86016K, used 108K [0x0000000083000000, 0x0000000088400000, 0x00000000d6580000)
  object space 86016K, 0% used [0x0000000083000000,0x000000008301b1b8,0x0000000088400000)
 Metaspace       used 9147K, capacity 9374K, committed 9600K, reserved 1056768K
  class space    used 1249K, capacity 1357K, committed 1408K, reserved 1048576K
}

Deoptimization events (3 events):
Event: 0.477 Thread 0x000001946b0c3000 Uncommon trap: reason=unstable_if action=reinterpret pc=0x000001946ce3c76c method=java.util.HashMap.hash(Ljava/lang/Object;)I @ 1
Event: 0.520 Thread 0x000001946b0c3000 Uncommon trap: reason=unstable_if action=reinterpret pc=0x000001946ce27ebc method=java.util.HashMap.getNode(ILjava/lang/Object;)Ljava/util/HashMap$Node; @ 129
Event: 20.712 Thread 0x00000194047c9800 Uncommon trap: reason=unstable_if action=reinterpret pc=0x000001946cf58e54 method=org.gradle.internal.logging.text.AbstractLineChoppingStyledTextOutput$2.execute(Lorg/gradle/internal/logging/text/AbstractLineChoppingStyledTextOutput$StateContext;)V @ 30

Classes redefined (0 events):
No events

Internal exceptions (10 events):
Event: 0.484 Thread 0x000001946b0c3000 Exception <a 'java/lang/ArrayIndexOutOfBoundsException'> (0x00000000d7ff0c58) thrown at [C:\Jenkins\temp\workspace\build\src\hotspot\src\share\vm\runtime\sharedRuntime.cpp, line 609]
Event: 0.484 Thread 0x000001946b0c3000 Exception <a 'java/lang/ArrayIndexOutOfBoundsException'> (0x00000000d7ff2e10) thrown at [C:\Jenkins\temp\workspace\build\src\hotspot\src\share\vm\runtime\sharedRuntime.cpp, line 609]
Event: 0.485 Thread 0x000001946b0c3000 Exception <a 'java/lang/ArrayIndexOutOfBoundsException'> (0x00000000d8007998) thrown at [C:\Jenkins\temp\workspace\build\src\hotspot\src\share\vm\runtime\sharedRuntime.cpp, line 609]
Event: 0.485 Thread 0x000001946b0c3000 Exception <a 'java/lang/ArrayIndexOutOfBoundsException'> (0x00000000d800bba8) thrown at [C:\Jenkins\temp\workspace\build\src\hotspot\src\share\vm\runtime\sharedRuntime.cpp, line 609]
Event: 0.489 Thread 0x000001946b0c3000 Exception <a 'java/lang/ArrayIndexOutOfBoundsException'> (0x00000000d80767b8) thrown at [C:\Jenkins\temp\workspace\build\src\hotspot\src\share\vm\runtime\sharedRuntime.cpp, line 609]
Event: 0.490 Thread 0x000001946b0c3000 Exception <a 'java/lang/ArrayIndexOutOfBoundsException'> (0x00000000d8077890) thrown at [C:\Jenkins\temp\workspace\build\src\hotspot\src\share\vm\runtime\sharedRuntime.cpp, line 609]
Event: 0.490 Thread 0x000001946b0c3000 Exception <a 'java/lang/ArrayIndexOutOfBoundsException'> (0x00000000d807acd8) thrown at [C:\Jenkins\temp\workspace\build\src\hotspot\src\share\vm\runtime\sharedRuntime.cpp, line 609]
Event: 0.490 Thread 0x000001946b0c3000 Exception <a 'java/lang/ArrayIndexOutOfBoundsException'> (0x00000000d807dee0) thrown at [C:\Jenkins\temp\workspace\build\src\hotspot\src\share\vm\runtime\sharedRuntime.cpp, line 609]
Event: 0.490 Thread 0x000001946b0c3000 Exception <a 'java/lang/ArrayIndexOutOfBoundsException'> (0x00000000d807fa60) thrown at [C:\Jenkins\temp\workspace\build\src\hotspot\src\share\vm\runtime\sharedRuntime.cpp, line 609]
Event: 0.500 Thread 0x000001946b0c3000 Exception <a 'java/lang/NoClassDefFoundError': org/slf4j/impl/StaticMarkerBinder> (0x00000000d813f8b8) thrown at [C:\Jenkins\temp\workspace\build\src\hotspot\src\share\vm\classfile\systemDictionary.cpp, line 206]

Events (10 events):
Event: 34.824 Thread 0x00000194047c9800 DEOPT PACKING pc=0x000001946cf548ca sp=0x00000070010fea70
Event: 34.824 Thread 0x00000194047c9800 DEOPT UNPACKING pc=0x000001946cc375d8 sp=0x00000070010fe7b8 mode 0
Event: 39.690 Thread 0x000001946b0c3000 DEOPT PACKING pc=0x000001946cf4e626 sp=0x000000707fafd120
Event: 39.690 Thread 0x000001946b0c3000 DEOPT UNPACKING pc=0x000001946cc375d8 sp=0x000000707fafce40 mode 0
Event: 82.988 Thread 0x000001947e1bf800 flushing nmethod 0x000001946ccf2210
Event: 82.988 Thread 0x000001947e1bf800 flushing nmethod 0x000001946ccf2f90
Event: 82.989 Thread 0x000001947e1bf800 flushing nmethod 0x000001946ccfce50
Event: 82.989 Thread 0x000001947e1bf800 flushing nmethod 0x000001946ccfda90
Event: 82.990 Thread 0x000001947e1bf800 flushing nmethod 0x000001946cd04090
Event: 82.990 Thread 0x000001947e1bf800 flushing nmethod 0x000001946cd04b10


Dynamic libraries:
0x00007ff6dc730000 - 0x00007ff6dc76a000 	C:\jdk8u292-b10\bin\java.exe
0x00007ffcb5410000 - 0x00007ffcb5605000 	C:\WINDOWS\SYSTEM32\ntdll.dll
0x00007ffcb4dc0000 - 0x00007ffcb4e7e000 	C:\WINDOWS\System32\KERNEL32.DLL
0x00007ffcb2c30000 - 0x00007ffcb2ef8000 	C:\WINDOWS\System32\KERNELBASE.dll
0x00007ffcb4d10000 - 0x00007ffcb4dbe000 	C:\WINDOWS\System32\ADVAPI32.dll
0x00007ffcb4690000 - 0x00007ffcb472e000 	C:\WINDOWS\System32\msvcrt.dll
0x00007ffcb4450000 - 0x00007ffcb44ec000 	C:\WINDOWS\System32\sechost.dll
0x00007ffcb3e40000 - 0x00007ffcb3f65000 	C:\WINDOWS\System32\RPCRT4.dll
0x00007ffcb44f0000 - 0x00007ffcb4690000 	C:\WINDOWS\System32\USER32.dll
0x00007ffcb2fd0000 - 0x00007ffcb2ff2000 	C:\WINDOWS\System32\win32u.dll
0x00007ffcb3c80000 - 0x00007ffcb3cab000 	C:\WINDOWS\System32\GDI32.dll
0x00007ffcb2b20000 - 0x00007ffcb2c2d000 	C:\WINDOWS\System32\gdi32full.dll
0x00007ffcb2f00000 - 0x00007ffcb2f9d000 	C:\WINDOWS\System32\msvcp_win.dll
0x00007ffcb3000000 - 0x00007ffcb3100000 	C:\WINDOWS\System32\ucrtbase.dll
0x00007ffc9f1a0000 - 0x00007ffc9f43a000 	C:\WINDOWS\WinSxS\amd64_microsoft.windows.common-controls_6595b64144ccf1df_6.0.19041.1110_none_60b5254171f9507e\COMCTL32.dll
0x00007ffcb51d0000 - 0x00007ffcb5200000 	C:\WINDOWS\System32\IMM32.DLL
0x00007ffc926f0000 - 0x00007ffc927df000 	C:\jdk8u292-b10\jre\bin\msvcr120.dll
0x00007ffc91d70000 - 0x00007ffc91e16000 	C:\jdk8u292-b10\jre\bin\msvcp120.dll
0x0000000073ee0000 - 0x000000007474b000 	C:\jdk8u292-b10\jre\bin\server\jvm.dll
0x00007ffcb3e30000 - 0x00007ffcb3e38000 	C:\WINDOWS\System32\PSAPI.DLL
0x00007ffcacea0000 - 0x00007ffcacea9000 	C:\WINDOWS\SYSTEM32\WSOCK32.dll
0x00007ffca0c80000 - 0x00007ffca0ca7000 	C:\WINDOWS\SYSTEM32\WINMM.dll
0x00007ffcacd20000 - 0x00007ffcacd2a000 	C:\WINDOWS\SYSTEM32\VERSION.dll
0x00007ffcb4920000 - 0x00007ffcb498b000 	C:\WINDOWS\System32\WS2_32.dll
0x00007ffcadd10000 - 0x00007ffcadd1f000 	C:\jdk8u292-b10\jre\bin\verify.dll
0x00007ffcad1f0000 - 0x00007ffcad219000 	C:\jdk8u292-b10\jre\bin\java.dll
0x00007ffcad810000 - 0x00007ffcad826000 	C:\jdk8u292-b10\jre\bin\zip.dll
0x00007ffcb3530000 - 0x00007ffcb3c74000 	C:\WINDOWS\System32\SHELL32.dll
0x00007ffcb0bf0000 - 0x00007ffcb1384000 	C:\WINDOWS\SYSTEM32\windows.storage.dll
0x00007ffcb49b0000 - 0x00007ffcb4d05000 	C:\WINDOWS\System32\combase.dll
0x00007ffcb2570000 - 0x00007ffcb259e000 	C:\WINDOWS\SYSTEM32\Wldp.dll
0x00007ffcb4730000 - 0x00007ffcb47dd000 	C:\WINDOWS\System32\SHCORE.dll
0x00007ffcb47e0000 - 0x00007ffcb4835000 	C:\WINDOWS\System32\shlwapi.dll
0x00007ffcb2a60000 - 0x00007ffcb2a7f000 	C:\WINDOWS\SYSTEM32\profapi.dll
0x00007ffcadda0000 - 0x00007ffcaddba000 	C:\jdk8u292-b10\jre\bin\net.dll
0x00007ffcb22d0000 - 0x00007ffcb233a000 	C:\WINDOWS\system32\mswsock.dll
0x00007ffcadd20000 - 0x00007ffcadd32000 	C:\jdk8u292-b10\jre\bin\nio.dll
0x00007ffcadcc0000 - 0x00007ffcadcde000 	C:\Users\usa35\.gradle\native\25\windows-amd64\native-platform.dll
0x00007ffcadde0000 - 0x00007ffcaddea000 	C:\Users\usa35\.gradle\native\jansi\1.14\windows64\jansi.dll
0x00007ffcadd90000 - 0x00007ffcadd9d000 	C:\jdk8u292-b10\jre\bin\management.dll
0x00007ffcb24c0000 - 0x00007ffcb24d8000 	C:\WINDOWS\SYSTEM32\CRYPTSP.dll
0x00007ffcb1be0000 - 0x00007ffcb1c14000 	C:\WINDOWS\system32\rsaenh.dll
0x00007ffcb2fa0000 - 0x00007ffcb2fc7000 	C:\WINDOWS\System32\bcrypt.dll
0x00007ffcb29e0000 - 0x00007ffcb2a0e000 	C:\WINDOWS\SYSTEM32\USERENV.dll
0x00007ffcb3360000 - 0x00007ffcb33e2000 	C:\WINDOWS\System32\bcryptprimitives.dll
0x00007ffcb24e0000 - 0x00007ffcb24ec000 	C:\WINDOWS\SYSTEM32\CRYPTBASE.dll
0x00007ffcb1f70000 - 0x00007ffcb1fab000 	C:\WINDOWS\SYSTEM32\IPHLPAPI.DLL
0x00007ffcb4ee0000 - 0x00007ffcb4ee8000 	C:\WINDOWS\System32\NSI.dll
0x00007ffcac340000 - 0x00007ffcac357000 	C:\WINDOWS\SYSTEM32\dhcpcsvc6.DLL
0x00007ffcac320000 - 0x00007ffcac33d000 	C:\WINDOWS\SYSTEM32\dhcpcsvc.DLL
0x00007ffcb1fb0000 - 0x00007ffcb207b000 	C:\WINDOWS\SYSTEM32\DNSAPI.dll

VM Arguments:
jvm_args: -Dorg.gradle.appname=gradlew 
java_command: org.gradle.wrapper.GradleWrapperMain runClient
java_class_path (initial): C:\Users\usa35\HitlerHax\\gradle\wrapper\gradle-wrapper.jar
Launcher Type: SUN_STANDARD

Environment Variables:
CLASSPATH=C:\Users\usa35\HitlerHax\\gradle\wrapper\gradle-wrapper.jar
PATH=C:\VulkanSDK\1.2.176.1\Bin;C:\windows\system32;C:\windows;C:\windows\System32\Wbem;C:\windows\System32\WindowsPowerShell\v1.0\;C:\windows\System32\OpenSSH\;C:\Program Files (x86)\NVIDIA Corporation\PhysX\Common;C:\Program Files\NVIDIA Corporation\NVIDIA NvDLISR;C:\WINDOWS\system32;C:\WINDOWS;C:\WINDOWS\System32\Wbem;C:\WINDOWS\System32\WindowsPowerShell\v1.0\;C:\WINDOWS\System32\OpenSSH\;C:\Program Files\mingw-w64\x86_64-8.1.0-posix-seh-rt_v6-rev0\mingw64\bin;C:\jdk8u292-b10\bin;C:\Program Files (x86)\mingw-w64\i686-8.1.0-posix-dwarf-rt_v6-rev0\mingw32\bin;C:\Program Files (x86)\mingw-w64\i686-8.1.0-posix-dwarf-rt_v6-rev0\mingw32\bin\mingw32-make.exe;C:\programming\c++libraries\glew-2.1.0\bin;C:\Program Files\Git\cmd;C:\Users\usa35\AppData\Local\Microsoft\WindowsApps;;C:\Users\usa35\AppData\Local\Programs\Microsoft VS Code\bin
USERNAME=usa35
OS=Windows_NT
PROCESSOR_IDENTIFIER=Intel64 Family 6 Model 158 Stepping 10, GenuineIntel



---------------  S Y S T E M  ---------------

OS: Windows 10.0 , 64 bit Build 19041 (10.0.19041.1503)

CPU:total 12 (initial active 12) (6 cores per cpu, 2 threads per core) family 6 model 158 stepping 10, cmov, cx8, fxsr, mmx, sse, sse2, sse3, ssse3, sse4.1, sse4.2, popcnt, avx, avx2, aes, clmul, erms, 3dnowpref, lzcnt, ht, tsc, tscinvbit, bmi1, bmi2, adx

Memory: 4k page, physical 8190084k(1664988k free), swap 33355908k(824k free)

vm_info: OpenJDK 64-Bit Server VM (25.292-b10) for windows-amd64 JRE (1.8.0_292-b10), built on Apr 21 2021 04:52:30 by "jenkins" with MS VC++ 12.0 (VS2013)

time: Wed Mar 09 15:36:31 2022
timezone: Pacific Standard Time
elapsed time: 180.038008 seconds (0d 0h 3m 0s)

